.
├── dist
├── images
├── services
│   ├── hadoop-docker
│   │   └── 2.7.2
│   │       └── config
│   │           ├── hadoop
│   │           └── other
│   ├── hbase-docker
│   │   └── config
│   │       ├── hadoop
│   │       ├── hbase
│   │       └── spark
│   ├── hive-docker
│   │   ├── 1.1.1
│   │   │   └── config
│   │   └── 2.1.1
│   │       └── config
│   ├── os-jvm-docker
│   │   ├── centos6-jdk8
│   │   ├── centos6-openjdk8
│   │   └── centos7-openjdk8
│   ├── spark-docker
│   │   ├── 1.6.2
│   │   │   └── config
│   │   │       └── spark
│   │   └── 2.1.0
│   │       └── config
│   │           └── spark
│   └── zk-docker
│       └── config
└── volume
    ├── code
    │   └── tests
    │       ├── dns-test
    │       └── mapreduce-test
    └── zk
        ├── zoo1
        │   └── zookeeper
        ├── zoo2
        │   └── zookeeper
        └── zoo3
            └── zookeeper

43 directories
